INFO  Start processing
FATAL Port 4000 has been used. Try other port instead.
FATAL Something's wrong. Maybe you can find the solution here: http://hexo.io/docs/troubleshooting.html
Error: listen EADDRINUSE 0.0.0.0:4000
    at Object.exports._errnoException (util.js:874:11)
    at exports._exceptionWithHostPort (util.js:897:20)
    at Server._listen2 (net.js:1234:14)
    at listen (net.js:1270:10)
    at net.js:1379:9
    at doNTCallback3 (node.js:452:9)
    at process._tickCallback (node.js:358:17)
FATAL listen EADDRINUSE 0.0.0.0:4000
Error: listen EADDRINUSE 0.0.0.0:4000
    at Object.exports._errnoException (util.js:874:11)
    at exports._exceptionWithHostPort (util.js:897:20)
    at Server._listen2 (net.js:1234:14)
    at listen (net.js:1270:10)
    at net.js:1379:9
    at doNTCallback3 (node.js:452:9)
    at process._tickCallback (node.js:358:17)
